2025-10-09 11:59:20 - INFO - _setup_debug_logging:119 - ================================================================================
2025-10-09 11:59:20 - INFO - _setup_debug_logging:120 - DEBUG LOGGING INITIALIZED
2025-10-09 11:59:20 - INFO - _setup_debug_logging:121 - Log file: validation_output/results/local_test/section_7_6_rl_performance/debug.log
2025-10-09 11:59:20 - INFO - _setup_debug_logging:122 - Quick test mode: True
2025-10-09 11:59:20 - INFO - _setup_debug_logging:123 - ================================================================================
2025-10-09 11:59:20 - INFO - train_rl_agent:430 - ================================================================================
2025-10-09 11:59:20 - INFO - train_rl_agent:431 - Starting train_rl_agent for scenario: traffic_light_control
2025-10-09 11:59:20 - INFO - train_rl_agent:432 -   - Device: gpu
2025-10-09 11:59:20 - INFO - train_rl_agent:433 -   - Total timesteps: 100
2025-10-09 11:59:20 - INFO - train_rl_agent:434 -   - Episode max time: 120.0s
2025-10-09 11:59:20 - INFO - train_rl_agent:435 -   - Checkpoint frequency: 50
2025-10-09 11:59:20 - INFO - train_rl_agent:436 - ================================================================================
2025-10-09 12:00:57 - INFO - run_performance_comparison:567 - ================================================================================
2025-10-09 12:00:57 - INFO - run_performance_comparison:568 - Starting run_performance_comparison for scenario: traffic_light_control
2025-10-09 12:00:57 - INFO - run_performance_comparison:569 - Device: gpu
2025-10-09 12:00:57 - INFO - run_performance_comparison:570 - ================================================================================
2025-10-09 12:00:57 - INFO - run_performance_comparison:571 - ================================================================================
2025-10-09 12:00:57 - INFO - run_performance_comparison:572 - Starting run_performance_comparison for scenario: traffic_light_control
2025-10-09 12:00:57 - INFO - run_performance_comparison:573 - Device: gpu
2025-10-09 12:00:57 - INFO - run_performance_comparison:574 - ================================================================================
2025-10-09 12:00:57 - INFO - run_control_simulation:229 - Starting run_control_simulation:
2025-10-09 12:00:57 - INFO - run_control_simulation:230 -   - scenario_path: validation_output/results/local_test/section_7_6_rl_performance/data/scenarios/traffic_light_control.yml
2025-10-09 12:00:57 - INFO - run_control_simulation:231 -   - duration: 600.0s
2025-10-09 12:00:57 - INFO - run_control_simulation:232 -   - control_interval: 60.0s
2025-10-09 12:00:57 - INFO - run_control_simulation:233 -   - device: gpu
2025-10-09 12:00:57 - INFO - run_control_simulation:238 - Creating TrafficSignalEnvDirect instance...
2025-10-09 12:00:57 - INFO - run_control_simulation:248 - TrafficSignalEnvDirect created successfully
2025-10-09 12:00:57 - INFO - run_control_simulation:264 - Calling env.reset()...
2025-10-09 12:00:57 - INFO - run_control_simulation:266 - env.reset() successful - obs shape: (26,), info: {'episode_step': 0, 'simulation_time': 0.0, 'current_phase': 0}
2025-10-09 12:00:57 - INFO - run_control_simulation:281 - Starting simulation loop - max duration: 600.0s
2025-10-09 12:00:57 - DEBUG - run_control_simulation:291 - Step 0: action=1.0, t=0.0s
2025-10-09 12:00:57 - DEBUG - run_control_simulation:302 - Step 1: reward=-0.06, terminated=False, truncated=False
2025-10-09 12:00:57 - DEBUG - run_control_simulation:291 - Step 1: action=1.0, t=60.0s
2025-10-09 12:00:58 - DEBUG - run_control_simulation:302 - Step 2: reward=-0.06, terminated=False, truncated=False
2025-10-09 12:00:58 - DEBUG - run_control_simulation:291 - Step 2: action=1.0, t=120.0s
2025-10-09 12:00:59 - DEBUG - run_control_simulation:302 - Step 3: reward=-0.06, terminated=False, truncated=False
2025-10-09 12:00:59 - DEBUG - run_control_simulation:291 - Step 3: action=1.0, t=180.0s
2025-10-09 12:01:00 - DEBUG - run_control_simulation:302 - Step 4: reward=-0.06, terminated=False, truncated=False
2025-10-09 12:01:00 - DEBUG - run_control_simulation:291 - Step 4: action=1.0, t=240.0s
2025-10-09 12:01:01 - DEBUG - run_control_simulation:302 - Step 5: reward=-0.06, terminated=False, truncated=False
2025-10-09 12:01:01 - DEBUG - run_control_simulation:291 - Step 5: action=1.0, t=300.0s
2025-10-09 12:01:02 - DEBUG - run_control_simulation:302 - Step 6: reward=-0.06, terminated=False, truncated=False
2025-10-09 12:01:02 - DEBUG - run_control_simulation:291 - Step 6: action=1.0, t=360.0s
2025-10-09 12:01:03 - DEBUG - run_control_simulation:302 - Step 7: reward=-0.06, terminated=False, truncated=False
2025-10-09 12:01:03 - DEBUG - run_control_simulation:291 - Step 7: action=1.0, t=420.0s
2025-10-09 12:01:04 - DEBUG - run_control_simulation:302 - Step 8: reward=-0.06, terminated=False, truncated=False
2025-10-09 12:01:04 - DEBUG - run_control_simulation:291 - Step 8: action=1.0, t=480.0s
2025-10-09 12:01:05 - DEBUG - run_control_simulation:302 - Step 9: reward=-0.06, terminated=False, truncated=False
2025-10-09 12:01:05 - DEBUG - run_control_simulation:291 - Step 9: action=1.0, t=540.0s
2025-10-09 12:01:06 - DEBUG - run_control_simulation:302 - Step 10: reward=-0.06, terminated=False, truncated=True
2025-10-09 12:01:06 - INFO - run_control_simulation:339 - 
  [PERFORMANCE] Simulation completed:
    - Total steps: 10
    - Total reward: -0.60
    - Avg step time: 0.895s (device=gpu)
    - Simulated time: 600.0s
    - Wallclock time: 9.0s
    - Speed ratio: 67.04x real-time

2025-10-09 12:01:06 - INFO - run_control_simulation:340 - Returning 10 state snapshots
2025-10-09 12:01:06 - INFO - run_control_simulation:229 - Starting run_control_simulation:
2025-10-09 12:01:06 - INFO - run_control_simulation:230 -   - scenario_path: validation_output/results/local_test/section_7_6_rl_performance/data/scenarios/traffic_light_control.yml
2025-10-09 12:01:06 - INFO - run_control_simulation:231 -   - duration: 600.0s
2025-10-09 12:01:06 - INFO - run_control_simulation:232 -   - control_interval: 60.0s
2025-10-09 12:01:06 - INFO - run_control_simulation:233 -   - device: gpu
2025-10-09 12:01:06 - INFO - run_control_simulation:238 - Creating TrafficSignalEnvDirect instance...
2025-10-09 12:01:06 - INFO - run_control_simulation:248 - TrafficSignalEnvDirect created successfully
2025-10-09 12:01:06 - INFO - run_control_simulation:264 - Calling env.reset()...
2025-10-09 12:01:06 - INFO - run_control_simulation:266 - env.reset() successful - obs shape: (26,), info: {'episode_step': 0, 'simulation_time': 0.0, 'current_phase': 0}
2025-10-09 12:01:06 - INFO - run_control_simulation:281 - Starting simulation loop - max duration: 600.0s
2025-10-09 12:01:06 - DEBUG - run_control_simulation:291 - Step 0: action=0.0, t=0.0s
2025-10-09 12:01:06 - DEBUG - run_control_simulation:302 - Step 1: reward=0.04, terminated=False, truncated=False
2025-10-09 12:01:06 - DEBUG - run_control_simulation:291 - Step 1: action=0.0, t=60.0s
2025-10-09 12:01:07 - DEBUG - run_control_simulation:302 - Step 2: reward=0.04, terminated=False, truncated=False
2025-10-09 12:01:07 - DEBUG - run_control_simulation:291 - Step 2: action=0.0, t=120.0s
2025-10-09 12:01:08 - DEBUG - run_control_simulation:302 - Step 3: reward=0.04, terminated=False, truncated=False
2025-10-09 12:01:08 - DEBUG - run_control_simulation:291 - Step 3: action=0.0, t=180.0s
2025-10-09 12:01:09 - DEBUG - run_control_simulation:302 - Step 4: reward=0.04, terminated=False, truncated=False
2025-10-09 12:01:09 - DEBUG - run_control_simulation:291 - Step 4: action=0.0, t=240.0s
2025-10-09 12:01:10 - DEBUG - run_control_simulation:302 - Step 5: reward=0.04, terminated=False, truncated=False
2025-10-09 12:01:10 - DEBUG - run_control_simulation:291 - Step 5: action=0.0, t=300.0s
2025-10-09 12:01:11 - DEBUG - run_control_simulation:302 - Step 6: reward=0.04, terminated=False, truncated=False
2025-10-09 12:01:11 - DEBUG - run_control_simulation:291 - Step 6: action=0.0, t=360.0s
2025-10-09 12:01:12 - DEBUG - run_control_simulation:302 - Step 7: reward=0.04, terminated=False, truncated=False
2025-10-09 12:01:12 - DEBUG - run_control_simulation:291 - Step 7: action=0.0, t=420.0s
2025-10-09 12:01:12 - DEBUG - run_control_simulation:302 - Step 8: reward=0.04, terminated=False, truncated=False
2025-10-09 12:01:12 - DEBUG - run_control_simulation:291 - Step 8: action=0.0, t=480.0s
2025-10-09 12:01:13 - DEBUG - run_control_simulation:302 - Step 9: reward=0.04, terminated=False, truncated=False
2025-10-09 12:01:13 - DEBUG - run_control_simulation:291 - Step 9: action=0.0, t=540.0s
2025-10-09 12:01:14 - DEBUG - run_control_simulation:302 - Step 10: reward=0.04, terminated=False, truncated=True
2025-10-09 12:01:14 - INFO - run_control_simulation:339 - 
  [PERFORMANCE] Simulation completed:
    - Total steps: 10
    - Total reward: 0.40
    - Avg step time: 0.864s (device=gpu)
    - Simulated time: 600.0s
    - Wallclock time: 8.6s
    - Speed ratio: 69.48x real-time

2025-10-09 12:01:14 - INFO - run_control_simulation:340 - Returning 10 state snapshots
