2025-10-19 09:10:19 - INFO - _setup_debug_logging:155 - ================================================================================
2025-10-19 09:10:19 - INFO - _setup_debug_logging:156 - DEBUG LOGGING INITIALIZED
2025-10-19 09:10:19 - INFO - _setup_debug_logging:157 - Log file: validation_output/results/local_test/section_7_6_rl_performance/debug.log
2025-10-19 09:10:19 - INFO - _setup_debug_logging:158 - Quick test mode: False
2025-10-19 09:10:19 - INFO - _setup_debug_logging:159 - ================================================================================
2025-10-19 09:10:19 - INFO - train_rl_agent:1061 - ================================================================================
2025-10-19 09:10:19 - INFO - train_rl_agent:1062 - Training RL agent (Code_RL design) for scenario: traffic_light_control
2025-10-19 09:10:19 - INFO - train_rl_agent:1063 -   - Device: gpu
2025-10-19 09:10:19 - INFO - train_rl_agent:1064 -   - Total timesteps: 24000
2025-10-19 09:10:19 - INFO - train_rl_agent:1065 -   - Checkpoint freq: 1000
2025-10-19 09:10:19 - INFO - train_rl_agent:1066 -   - Hyperparameters: CODE_RL_HYPERPARAMETERS (lr=1e-3, batch=32)
2025-10-19 09:10:19 - INFO - train_rl_agent:1067 - ================================================================================
2025-10-19 09:10:19 - INFO - _get_project_root:168 - [PATH] Project root resolved: /kaggle/working/Code-traffic-flow
2025-10-19 09:10:19 - INFO - _get_checkpoint_dir:227 - [PATH] Checkpoint directory: /kaggle/working/Code-traffic-flow/validation_ch7/checkpoints/section_7_6
2025-10-19 09:10:19 - INFO - _get_checkpoint_dir:228 - [PATH] Checkpoint directory exists: True
2025-10-19 09:10:19 - INFO - _get_checkpoint_dir:231 - [PATH] Found 0 existing checkpoints
2025-10-19 09:10:19 - INFO - _create_scenario_config:602 - [SCENARIO] Created using Code_RL: traffic_light_control.yml
2025-10-19 09:10:19 - INFO - _create_scenario_config:603 -   Context: Victoria Island Lagos
2025-10-19 09:10:19 - INFO - _create_scenario_config:604 -   Max densities: 250/120 veh/km
2025-10-19 09:10:19 - INFO - _create_scenario_config:605 -   Free speeds: 32/28 km/h
2025-10-19 09:10:19 - INFO - _get_project_root:168 - [PATH] Project root resolved: /kaggle/working/Code-traffic-flow
2025-10-19 09:10:19 - INFO - _get_cache_dir:245 - [CACHE] Directory: /kaggle/working/Code-traffic-flow/validation_ch7/cache/section_7_6
2025-10-19 09:10:19 - INFO - _compute_config_hash:258 - [CACHE] Config hash: 25b78b90
2025-10-19 09:10:19 - INFO - _load_rl_cache:536 - [CACHE RL] No cache found for traffic_light_control with config 25b78b90
2025-10-19 09:10:25 - INFO - _compute_config_hash:258 - [CACHE] Config hash: 25b78b90
